This file contains any messages produced by compilers while
running configure, to aid debugging if configure makes a mistake.

It was created by configure, which was
generated by GNU Autoconf 2.69.  Invocation command line was

  $ ./configure --prefix=/home/zack/gitclones/XournalCustom

## --------- ##
## Platform. ##
## --------- ##

hostname = dzacklocal
uname -m = x86_64
uname -r = 5.8.3-arch1-1
uname -s = Linux
uname -v = #1 SMP PREEMPT Fri, 21 Aug 2020 16:54:16 +0000

/usr/bin/uname -p = unknown
/bin/uname -X     = unknown

/bin/arch              = unknown
/usr/bin/arch -k       = unknown
/usr/convex/getsysinfo = unknown
/usr/bin/hostinfo      = unknown
/bin/machine           = unknown
/usr/bin/oslevel       = unknown
/bin/universe          = unknown

PATH: /home/zack/.local/bin
PATH: /home/zack/dotfiles/bin
PATH: /home/zack/.rvm/gems/ruby-2.7.1/bin
PATH: /home/zack/.rvm/gems/ruby-2.7.1@global/bin
PATH: /home/zack/.rvm/rubies/ruby-2.7.1/bin
PATH: /usr/local/sbin
PATH: /usr/local/bin
PATH: /usr/bin
PATH: /var/lib/flatpak/exports/bin
PATH: /usr/lib/jvm/default/bin
PATH: /usr/bin/site_perl
PATH: /usr/bin/vendor_perl
PATH: /usr/bin/core_perl
PATH: /home/zack/.rvm/bin
PATH: /home/zack/.antigen/bundles/robbyrussell/oh-my-zsh/lib
PATH: /home/zack/.antigen/bundles/robbyrussell/oh-my-zsh/plugins/command-not-found
PATH: /home/zack/.antigen/bundles/robbyrussell/oh-my-zsh/plugins/compleat
PATH: /home/zack/.antigen/bundles/robbyrussell/oh-my-zsh/plugins/tmuxinator
PATH: /home/zack/.antigen/bundles/zsh-users/zsh-syntax-highlighting
PATH: /home/zack/.antigen/bundles/zsh-users/zsh-autosuggestions
PATH: /home/zack/.antigen/bundles/trapd00r/zsh-syntax-highlighting-filetypes
PATH: /home/zack/.antigen/bundles/zsh-users/zsh-history-substring-search
PATH: /home/zack/.fzf/bin
PATH: /home/zack/.antigen/bundles/robbyrussell/oh-my-zsh/lib
PATH: /home/zack/.antigen/bundles/robbyrussell/oh-my-zsh/plugins/command-not-found
PATH: /home/zack/.antigen/bundles/robbyrussell/oh-my-zsh/plugins/compleat
PATH: /home/zack/.antigen/bundles/robbyrussell/oh-my-zsh/plugins/tmuxinator
PATH: /home/zack/.antigen/bundles/zsh-users/zsh-syntax-highlighting
PATH: /home/zack/.antigen/bundles/zsh-users/zsh-autosuggestions
PATH: /home/zack/.antigen/bundles/trapd00r/zsh-syntax-highlighting-filetypes
PATH: /home/zack/.antigen/bundles/zsh-users/zsh-history-substring-search


## ----------- ##
## Core tests. ##
## ----------- ##

configure:2238: checking for a BSD-compatible install
configure:2306: result: /usr/bin/install -c
configure:2317: checking whether build environment is sane
configure:2372: result: yes
configure:2521: checking for a thread-safe mkdir -p
configure:2560: result: /usr/bin/mkdir -p
configure:2567: checking for gawk
configure:2583: found /usr/bin/gawk
configure:2594: result: gawk
configure:2605: checking whether make sets $(MAKE)
configure:2627: result: yes
configure:2656: checking whether make supports nested variables
configure:2673: result: yes
configure:2803: checking whether to enable maintainer-specific portions of Makefiles
configure:2812: result: no
configure:2830: checking whether make supports the include directive
configure:2845: make -f confmf.GNU && cat confinc.out
this is the am__doit target
configure:2848: $? = 0
configure:2867: result: yes (GNU style)
configure:2937: checking for gcc
configure:2953: found /usr/bin/gcc
configure:2964: result: gcc
configure:3193: checking for C compiler version
configure:3202: gcc --version >&5
gcc (GCC) 10.2.0
Copyright (C) 2020 Free Software Foundation, Inc.
This is free software; see the source for copying conditions.  There is NO
warranty; not even for MERCHANTABILITY or FITNESS FOR A PARTICULAR PURPOSE.

configure:3213: $? = 0
configure:3202: gcc -v >&5
Using built-in specs.
COLLECT_GCC=gcc
COLLECT_LTO_WRAPPER=/usr/lib/gcc/x86_64-pc-linux-gnu/10.2.0/lto-wrapper
Target: x86_64-pc-linux-gnu
Configured with: /build/gcc/src/gcc/configure --prefix=/usr --libdir=/usr/lib --libexecdir=/usr/lib --mandir=/usr/share/man --infodir=/usr/share/info --with-bugurl=https://bugs.archlinux.org/ --enable-languages=c,c++,ada,fortran,go,lto,objc,obj-c++,d --with-isl --with-linker-hash-style=gnu --with-system-zlib --enable-__cxa_atexit --enable-cet=auto --enable-checking=release --enable-clocale=gnu --enable-default-pie --enable-default-ssp --enable-gnu-indirect-function --enable-gnu-unique-object --enable-install-libiberty --enable-linker-build-id --enable-lto --enable-multilib --enable-plugin --enable-shared --enable-threads=posix --disable-libssp --disable-libstdcxx-pch --disable-libunwind-exceptions --disable-werror gdc_include_dir=/usr/include/dlang/gdc
Thread model: posix
Supported LTO compression algorithms: zlib zstd
gcc version 10.2.0 (GCC) 
configure:3213: $? = 0
configure:3202: gcc -V >&5
gcc: error: unrecognized command-line option '-V'
gcc: fatal error: no input files
compilation terminated.
configure:3213: $? = 1
configure:3202: gcc -qversion >&5
gcc: error: unrecognized command-line option '-qversion'; did you mean '--version'?
gcc: fatal error: no input files
compilation terminated.
configure:3213: $? = 1
configure:3233: checking whether the C compiler works
configure:3255: gcc    conftest.c  >&5
configure:3259: $? = 0
configure:3307: result: yes
configure:3310: checking for C compiler default output file name
configure:3312: result: a.out
configure:3318: checking for suffix of executables
configure:3325: gcc -o conftest    conftest.c  >&5
configure:3329: $? = 0
configure:3351: result: 
configure:3373: checking whether we are cross compiling
configure:3381: gcc -o conftest    conftest.c  >&5
configure:3385: $? = 0
configure:3392: ./conftest
configure:3396: $? = 0
configure:3384: result: no
configure:3389: checking for suffix of object files
configure:3411: gcc -c   conftest.c >&5
configure:3415: $? = 0
configure:3436: result: o
configure:3440: checking whether we are using the GNU C compiler
configure:3459: gcc -c   conftest.c >&5
configure:3459: $? = 0
configure:3468: result: yes
configure:3477: checking whether gcc accepts -g
configure:3497: gcc -c -g  conftest.c >&5
configure:3497: $? = 0
configure:3538: result: yes
configure:3555: checking for gcc option to accept ISO C89
configure:3618: gcc  -c -g -O2  conftest.c >&5
configure:3618: $? = 0
configure:3631: result: none needed
configure:3656: checking whether gcc understands -c and -o together
configure:3678: gcc -c conftest.c -o conftest2.o
configure:3681: $? = 0
configure:3678: gcc -c conftest.c -o conftest2.o
configure:3681: $? = 0
configure:3693: result: yes
configure:3712: checking dependency style of gcc
configure:3823: result: gcc3
configure:3839: checking for library containing strerror
configure:3870: gcc -o conftest -g -O2   conftest.c  >&5
configure:3870: $? = 0
configure:3887: result: none required
configure:3943: checking for gcc
configure:3970: result: gcc
configure:4199: checking for C compiler version
configure:4208: gcc --version >&5
gcc (GCC) 10.2.0
Copyright (C) 2020 Free Software Foundation, Inc.
This is free software; see the source for copying conditions.  There is NO
warranty; not even for MERCHANTABILITY or FITNESS FOR A PARTICULAR PURPOSE.

configure:4219: $? = 0
configure:4208: gcc -v >&5
Using built-in specs.
COLLECT_GCC=gcc
COLLECT_LTO_WRAPPER=/usr/lib/gcc/x86_64-pc-linux-gnu/10.2.0/lto-wrapper
Target: x86_64-pc-linux-gnu
Configured with: /build/gcc/src/gcc/configure --prefix=/usr --libdir=/usr/lib --libexecdir=/usr/lib --mandir=/usr/share/man --infodir=/usr/share/info --with-bugurl=https://bugs.archlinux.org/ --enable-languages=c,c++,ada,fortran,go,lto,objc,obj-c++,d --with-isl --with-linker-hash-style=gnu --with-system-zlib --enable-__cxa_atexit --enable-cet=auto --enable-checking=release --enable-clocale=gnu --enable-default-pie --enable-default-ssp --enable-gnu-indirect-function --enable-gnu-unique-object --enable-install-libiberty --enable-linker-build-id --enable-lto --enable-multilib --enable-plugin --enable-shared --enable-threads=posix --disable-libssp --disable-libstdcxx-pch --disable-libunwind-exceptions --disable-werror gdc_include_dir=/usr/include/dlang/gdc
Thread model: posix
Supported LTO compression algorithms: zlib zstd
gcc version 10.2.0 (GCC) 
configure:4219: $? = 0
configure:4208: gcc -V >&5
gcc: error: unrecognized command-line option '-V'
gcc: fatal error: no input files
compilation terminated.
configure:4219: $? = 1
configure:4208: gcc -qversion >&5
gcc: error: unrecognized command-line option '-qversion'; did you mean '--version'?
gcc: fatal error: no input files
compilation terminated.
configure:4219: $? = 1
configure:4223: checking whether we are using the GNU C compiler
configure:4251: result: yes
configure:4260: checking whether gcc accepts -g
configure:4321: result: yes
configure:4338: checking for gcc option to accept ISO C89
configure:4414: result: none needed
configure:4439: checking whether gcc understands -c and -o together
configure:4476: result: yes
configure:4495: checking dependency style of gcc
configure:4606: result: gcc3
configure:4664: checking for ranlib
configure:4680: found /usr/bin/ranlib
configure:4691: result: ranlib
configure:4762: checking for ar
configure:4778: found /usr/bin/ar
configure:4789: result: ar
configure:4815: checking the archiver (ar) interface
configure:4831: gcc -c -g -O2  conftest.c >&5
configure:4831: $? = 0
configure:4833: ar cru libconftest.a conftest.o >&5
ar: `u' modifier ignored since `D' is the default (see `U')
configure:4836: $? = 0
configure:4835: result: ar
configure:4860: checking how to run the C preprocessor
configure:4891: gcc -E  conftest.c
configure:4891: $? = 0
configure:4905: gcc -E  conftest.c
conftest.c:11:10: fatal error: ac_nonexistent.h: No such file or directory
   11 | #include <ac_nonexistent.h>
      |          ^~~~~~~~~~~~~~~~~~
compilation terminated.
configure:4905: $? = 1
configure: failed program was:
| /* confdefs.h */
| #define PACKAGE_NAME ""
| #define PACKAGE_TARNAME ""
| #define PACKAGE_VERSION ""
| #define PACKAGE_STRING ""
| #define PACKAGE_BUGREPORT ""
| #define PACKAGE_URL ""
| #define PACKAGE "xournal"
| #define VERSION "0.4.8.2016"
| /* end confdefs.h.  */
| #include <ac_nonexistent.h>
configure:4930: result: gcc -E
configure:4950: gcc -E  conftest.c
configure:4950: $? = 0
configure:4964: gcc -E  conftest.c
conftest.c:11:10: fatal error: ac_nonexistent.h: No such file or directory
   11 | #include <ac_nonexistent.h>
      |          ^~~~~~~~~~~~~~~~~~
compilation terminated.
configure:4964: $? = 1
configure: failed program was:
| /* confdefs.h */
| #define PACKAGE_NAME ""
| #define PACKAGE_TARNAME ""
| #define PACKAGE_VERSION ""
| #define PACKAGE_STRING ""
| #define PACKAGE_BUGREPORT ""
| #define PACKAGE_URL ""
| #define PACKAGE "xournal"
| #define VERSION "0.4.8.2016"
| /* end confdefs.h.  */
| #include <ac_nonexistent.h>
configure:4993: checking for grep that handles long lines and -e
configure:5051: result: /usr/bin/grep
configure:5056: checking for egrep
configure:5118: result: /usr/bin/grep -E
configure:5123: checking for ANSI C header files
configure:5143: gcc -c -g -O2  conftest.c >&5
configure:5143: $? = 0
configure:5216: gcc -o conftest -g -O2   conftest.c  >&5
configure:5216: $? = 0
configure:5216: ./conftest
configure:5216: $? = 0
configure:5227: result: yes
configure:5293: checking for pkg-config
configure:5311: found /usr/bin/pkg-config
configure:5323: result: /usr/bin/pkg-config
configure:5348: checking pkg-config is at least version 0.9.0
configure:5351: result: yes
configure:5361: checking for PACKAGE
configure:5368: $PKG_CONFIG --exists --print-errors "$pkg_modules"
configure:5371: $? = 0
configure:5385: $PKG_CONFIG --exists --print-errors "$pkg_modules"
configure:5388: $? = 0
configure:5446: result: yes
configure:5457: checking build system type
configure:5471: result: x86_64-pc-linux-gnu
configure:5491: checking host system type
configure:5504: result: x86_64-pc-linux-gnu
configure:5524: checking for Windows environment
configure:5532: result: no
configure:5572: checking for sys/types.h
configure:5572: gcc -c -g -O2  conftest.c >&5
configure:5572: $? = 0
configure:5572: result: yes
configure:5572: checking for sys/stat.h
configure:5572: gcc -c -g -O2  conftest.c >&5
configure:5572: $? = 0
configure:5572: result: yes
configure:5572: checking for stdlib.h
configure:5572: gcc -c -g -O2  conftest.c >&5
configure:5572: $? = 0
configure:5572: result: yes
configure:5572: checking for string.h
configure:5572: gcc -c -g -O2  conftest.c >&5
configure:5572: $? = 0
configure:5572: result: yes
configure:5572: checking for memory.h
configure:5572: gcc -c -g -O2  conftest.c >&5
configure:5572: $? = 0
configure:5572: result: yes
configure:5572: checking for strings.h
configure:5572: gcc -c -g -O2  conftest.c >&5
configure:5572: $? = 0
configure:5572: result: yes
configure:5572: checking for inttypes.h
configure:5572: gcc -c -g -O2  conftest.c >&5
configure:5572: $? = 0
configure:5572: result: yes
configure:5572: checking for stdint.h
configure:5572: gcc -c -g -O2  conftest.c >&5
configure:5572: $? = 0
configure:5572: result: yes
configure:5572: checking for unistd.h
configure:5572: gcc -c -g -O2  conftest.c >&5
configure:5572: $? = 0
configure:5572: result: yes
configure:5587: checking locale.h usability
configure:5587: gcc -c -g -O2  conftest.c >&5
configure:5587: $? = 0
configure:5587: result: yes
configure:5587: checking locale.h presence
configure:5587: gcc -E  conftest.c
configure:5587: $? = 0
configure:5587: result: yes
configure:5587: checking for locale.h
configure:5587: result: yes
configure:5598: checking for LC_MESSAGES
configure:5614: gcc -o conftest -g -O2   -lz -lm conftest.c  >&5
configure:5614: $? = 0
configure:5622: result: yes
configure:5640: checking for CFPreferencesCopyAppValue
configure:5658: gcc -o conftest -g -O2   -lz -lm conftest.c  -Wl,-framework -Wl,CoreFoundation >&5
conftest.c:24:10: fatal error: CoreFoundation/CFPreferences.h: No such file or directory
   24 | #include <CoreFoundation/CFPreferences.h>
      |          ^~~~~~~~~~~~~~~~~~~~~~~~~~~~~~~~
compilation terminated.
configure:5658: $? = 1
configure: failed program was:
| /* confdefs.h */
| #define PACKAGE_NAME ""
| #define PACKAGE_TARNAME ""
| #define PACKAGE_VERSION ""
| #define PACKAGE_STRING ""
| #define PACKAGE_BUGREPORT ""
| #define PACKAGE_URL ""
| #define PACKAGE "xournal"
| #define VERSION "0.4.8.2016"
| #define STDC_HEADERS 1
| #define GETTEXT_PACKAGE "xournal"
| #define HAVE_SYS_TYPES_H 1
| #define HAVE_SYS_STAT_H 1
| #define HAVE_STDLIB_H 1
| #define HAVE_STRING_H 1
| #define HAVE_MEMORY_H 1
| #define HAVE_STRINGS_H 1
| #define HAVE_INTTYPES_H 1
| #define HAVE_STDINT_H 1
| #define HAVE_UNISTD_H 1
| #define HAVE_LOCALE_H 1
| #define HAVE_LC_MESSAGES 1
| /* end confdefs.h.  */
| #include <CoreFoundation/CFPreferences.h>
| int
| main ()
| {
| CFPreferencesCopyAppValue(NULL, NULL)
|   ;
|   return 0;
| }
configure:5667: result: no
configure:5674: checking for CFLocaleCopyCurrent
configure:5692: gcc -o conftest -g -O2   -lz -lm conftest.c  -Wl,-framework -Wl,CoreFoundation >&5
conftest.c:24:10: fatal error: CoreFoundation/CFLocale.h: No such file or directory
   24 | #include <CoreFoundation/CFLocale.h>
      |          ^~~~~~~~~~~~~~~~~~~~~~~~~~~
compilation terminated.
configure:5692: $? = 1
configure: failed program was:
| /* confdefs.h */
| #define PACKAGE_NAME ""
| #define PACKAGE_TARNAME ""
| #define PACKAGE_VERSION ""
| #define PACKAGE_STRING ""
| #define PACKAGE_BUGREPORT ""
| #define PACKAGE_URL ""
| #define PACKAGE "xournal"
| #define VERSION "0.4.8.2016"
| #define STDC_HEADERS 1
| #define GETTEXT_PACKAGE "xournal"
| #define HAVE_SYS_TYPES_H 1
| #define HAVE_SYS_STAT_H 1
| #define HAVE_STDLIB_H 1
| #define HAVE_STRING_H 1
| #define HAVE_MEMORY_H 1
| #define HAVE_STRINGS_H 1
| #define HAVE_INTTYPES_H 1
| #define HAVE_STDINT_H 1
| #define HAVE_UNISTD_H 1
| #define HAVE_LOCALE_H 1
| #define HAVE_LC_MESSAGES 1
| /* end confdefs.h.  */
| #include <CoreFoundation/CFLocale.h>
| int
| main ()
| {
| CFLocaleCopyCurrent();
|   ;
|   return 0;
| }
configure:5701: result: no
configure:5715: checking libintl.h usability
configure:5715: gcc -c -g -O2  conftest.c >&5
configure:5715: $? = 0
configure:5715: result: yes
configure:5715: checking libintl.h presence
configure:5715: gcc -E  conftest.c
configure:5715: $? = 0
configure:5715: result: yes
configure:5715: checking for libintl.h
configure:5715: result: yes
configure:5723: checking for ngettext in libc
configure:5741: gcc -o conftest -g -O2   -lz -lm conftest.c  >&5
configure:5741: $? = 0
configure:5750: result: yes
configure:5754: checking for dgettext in libc
configure:5772: gcc -o conftest -g -O2   -lz -lm conftest.c  >&5
configure:5772: $? = 0
configure:5781: result: yes
configure:5788: checking for bind_textdomain_codeset
configure:5788: gcc -o conftest -g -O2   -lz -lm conftest.c  >&5
configure:5788: $? = 0
configure:5788: result: yes
configure:6064: checking for msgfmt
configure:6091: result: /usr/bin/msgfmt
configure:6102: checking for dcgettext
configure:6102: gcc -o conftest -g -O2   -lz -lm conftest.c   >&5
conftest.c:49:6: warning: conflicting types for built-in function 'dcgettext'; expected 'char *(const char *, const char *, int)' [-Wbuiltin-declaration-mismatch]
   49 | char dcgettext ();
      |      ^~~~~~~~~
configure:6102: $? = 0
configure:6102: result: yes
configure:6112: checking if msgfmt accepts -c
configure:6127: $MSGFMT -c -o /dev/null conftest.foo
conftest.foo:3: warning: header field 'Language' missing in header
configure:6130: $? = 0
configure:6132: result: yes
configure:6142: checking for gmsgfmt
configure:6173: result: /usr/bin/msgfmt
configure:6183: checking for xgettext
configure:6210: result: /usr/bin/xgettext
configure:6229: gcc -o conftest -g -O2   -lz -lm conftest.c   >&5
configure:6229: $? = 0
configure:6311: checking for catalogs to be installed
configure:6336: result:  ca ca@valencia cs de es fr it ja nl pl pt_BR ru zh_CN zh_TW
configure:6472: checking that generated files are newer than configure
configure:6478: result: done
configure:6517: creating ./config.status

## ---------------------- ##
## Running config.status. ##
## ---------------------- ##

This file was extended by config.status, which was
generated by GNU Autoconf 2.69.  Invocation command line was

  CONFIG_FILES    = 
  CONFIG_HEADERS  = 
  CONFIG_LINKS    = 
  CONFIG_COMMANDS = 
  $ ./config.status 

on dzacklocal

config.status:905: creating Makefile
config.status:905: creating src/Makefile
config.status:905: creating src/ttsubset/Makefile
config.status:905: creating po/Makefile.in
config.status:905: creating config.h
config.status:1086: config.h is unchanged
config.status:1134: executing depfiles commands
config.status:1211: cd src       && sed -e '/# am--include-marker/d' Makefile         | make -f - am--depfiles
make: Nothing to be done for 'am--depfiles'.
config.status:1216: $? = 0
config.status:1211: cd src/ttsubset       && sed -e '/# am--include-marker/d' Makefile         | make -f - am--depfiles
make: Nothing to be done for 'am--depfiles'.
config.status:1216: $? = 0
config.status:1134: executing default-1 commands

## ---------------- ##
## Cache variables. ##
## ---------------- ##

ac_cv_build=x86_64-pc-linux-gnu
ac_cv_c_compiler_gnu=yes
ac_cv_env_CC_set=
ac_cv_env_CC_value=
ac_cv_env_CFLAGS_set=
ac_cv_env_CFLAGS_value=
ac_cv_env_CPPFLAGS_set=
ac_cv_env_CPPFLAGS_value=
ac_cv_env_CPP_set=
ac_cv_env_CPP_value=
ac_cv_env_LDFLAGS_set=
ac_cv_env_LDFLAGS_value=
ac_cv_env_LIBS_set=
ac_cv_env_LIBS_value=
ac_cv_env_PACKAGE_CFLAGS_set=
ac_cv_env_PACKAGE_CFLAGS_value=
ac_cv_env_PACKAGE_LIBS_set=
ac_cv_env_PACKAGE_LIBS_value=
ac_cv_env_PKG_CONFIG_LIBDIR_set=
ac_cv_env_PKG_CONFIG_LIBDIR_value=
ac_cv_env_PKG_CONFIG_PATH_set=
ac_cv_env_PKG_CONFIG_PATH_value=
ac_cv_env_PKG_CONFIG_set=
ac_cv_env_PKG_CONFIG_value=
ac_cv_env_build_alias_set=
ac_cv_env_build_alias_value=
ac_cv_env_host_alias_set=
ac_cv_env_host_alias_value=
ac_cv_env_target_alias_set=
ac_cv_env_target_alias_value=
ac_cv_func_bind_textdomain_codeset=yes
ac_cv_func_dcgettext=yes
ac_cv_header_inttypes_h=yes
ac_cv_header_libintl_h=yes
ac_cv_header_locale_h=yes
ac_cv_header_memory_h=yes
ac_cv_header_stdc=yes
ac_cv_header_stdint_h=yes
ac_cv_header_stdlib_h=yes
ac_cv_header_string_h=yes
ac_cv_header_strings_h=yes
ac_cv_header_sys_stat_h=yes
ac_cv_header_sys_types_h=yes
ac_cv_header_unistd_h=yes
ac_cv_host=x86_64-pc-linux-gnu
ac_cv_objext=o
ac_cv_path_EGREP='/usr/bin/grep -E'
ac_cv_path_GMSGFMT=/usr/bin/msgfmt
ac_cv_path_GREP=/usr/bin/grep
ac_cv_path_MSGFMT=/usr/bin/msgfmt
ac_cv_path_XGETTEXT=/usr/bin/xgettext
ac_cv_path_ac_pt_PKG_CONFIG=/usr/bin/pkg-config
ac_cv_path_install='/usr/bin/install -c'
ac_cv_path_mkdir=/usr/bin/mkdir
ac_cv_prog_AWK=gawk
ac_cv_prog_CPP='gcc -E'
ac_cv_prog_ac_ct_AR=ar
ac_cv_prog_ac_ct_CC=gcc
ac_cv_prog_ac_ct_RANLIB=ranlib
ac_cv_prog_cc_c89=
ac_cv_prog_cc_g=yes
ac_cv_prog_make_make_set=yes
ac_cv_search_strerror='none required'
am_cv_CC_dependencies_compiler_type=gcc3
am_cv_ar_interface=ar
am_cv_make_support_nested_variables=yes
am_cv_prog_cc_c_o=yes
am_cv_val_LC_MESSAGES=yes
gt_cv_func_CFLocaleCopyCurrent=no
gt_cv_func_CFPreferencesCopyAppValue=no
gt_cv_func_dgettext_libc=yes
gt_cv_func_dgettext_libintl=no
gt_cv_func_ngettext_libc=yes
gt_cv_have_gettext=yes
pkg_cv_PACKAGE_CFLAGS='-I/usr/include/gtk-2.0 -I/usr/lib/gtk-2.0/include -I/usr/include/pango-1.0 -I/usr/include/glib-2.0 -I/usr/lib/glib-2.0/include -I/usr/include/harfbuzz -I/usr/include/freetype2 -I/usr/include/libpng16 -I/usr/include/libmount -I/usr/include/blkid -I/usr/include/fribidi -I/usr/include/cairo -I/usr/include/pixman-1 -I/usr/include/gdk-pixbuf-2.0 -I/usr/include/atk-1.0 -I/usr/include/libgnomecanvas-2.0 -I/usr/include/libart-2.0 -I/usr/include/gail-1.0 -I/usr/include/poppler/glib -I/usr/include/poppler -pthread '
pkg_cv_PACKAGE_LIBS='-lgnomecanvas-2 -lart_lgpl_2 -lgtk-x11-2.0 -lgdk-x11-2.0 -lpangocairo-1.0 -latk-1.0 -lgdk_pixbuf-2.0 -lgio-2.0 -lpoppler-glib -lcairo -lpangoft2-1.0 -lpango-1.0 -lgobject-2.0 -lglib-2.0 -lharfbuzz -lfontconfig -lfreetype '

## ----------------- ##
## Output variables. ##
## ----------------- ##

ACLOCAL='${SHELL} /home/zack/gitclones/xournal-code/missing aclocal-1.16'
AMDEPBACKSLASH='\'
AMDEP_FALSE='#'
AMDEP_TRUE=''
AMTAR='$${TAR-tar}'
AM_BACKSLASH='\'
AM_DEFAULT_V='$(AM_DEFAULT_VERBOSITY)'
AM_DEFAULT_VERBOSITY='1'
AM_V='$(V)'
AR='ar'
AUTOCONF='${SHELL} /home/zack/gitclones/xournal-code/missing autoconf'
AUTOHEADER='${SHELL} /home/zack/gitclones/xournal-code/missing autoheader'
AUTOMAKE='${SHELL} /home/zack/gitclones/xournal-code/missing automake-1.16'
AWK='gawk'
CATALOGS=' ca.gmo ca@valencia.gmo cs.gmo de.gmo es.gmo fr.gmo it.gmo ja.gmo nl.gmo pl.gmo pt_BR.gmo ru.gmo zh_CN.gmo zh_TW.gmo'
CATOBJEXT='.gmo'
CC='gcc'
CCDEPMODE='depmode=gcc3'
CFLAGS='-g -O2'
CPP='gcc -E'
CPPFLAGS=''
CYGPATH_W='echo'
DATADIRNAME='share'
DEFS='-DHAVE_CONFIG_H'
DEPDIR='.deps'
ECHO_C=''
ECHO_N='-n'
ECHO_T=''
EGREP='/usr/bin/grep -E'
EXEEXT=''
GETTEXT_PACKAGE='xournal'
GMOFILES=' ca.gmo ca@valencia.gmo cs.gmo de.gmo es.gmo fr.gmo it.gmo ja.gmo nl.gmo pl.gmo pt_BR.gmo ru.gmo zh_CN.gmo zh_TW.gmo'
GMSGFMT='/usr/bin/msgfmt'
GREP='/usr/bin/grep'
INSTALL_DATA='${INSTALL} -m 644'
INSTALL_PROGRAM='${INSTALL}'
INSTALL_SCRIPT='${INSTALL}'
INSTALL_STRIP_PROGRAM='$(install_sh) -c -s'
INSTOBJEXT='.mo'
INTLLIBS=''
INTL_MACOSX_LIBS=''
LDFLAGS=' -lz -lm'
LIBOBJS=''
LIBS=''
LINUX_FALSE='#'
LINUX_TRUE=''
LTLIBOBJS=''
MAINT='#'
MAINTAINER_MODE_FALSE=''
MAINTAINER_MODE_TRUE='#'
MAKEINFO='${SHELL} /home/zack/gitclones/xournal-code/missing makeinfo'
MKDIR_P='/usr/bin/mkdir -p'
MKINSTALLDIRS='./mkinstalldirs'
MSGFMT='/usr/bin/msgfmt'
MSGFMT_OPTS='-c'
OBJEXT='o'
PACKAGE='xournal'
PACKAGE_BUGREPORT=''
PACKAGE_CFLAGS='-I/usr/include/gtk-2.0 -I/usr/lib/gtk-2.0/include -I/usr/include/pango-1.0 -I/usr/include/glib-2.0 -I/usr/lib/glib-2.0/include -I/usr/include/harfbuzz -I/usr/include/freetype2 -I/usr/include/libpng16 -I/usr/include/libmount -I/usr/include/blkid -I/usr/include/fribidi -I/usr/include/cairo -I/usr/include/pixman-1 -I/usr/include/gdk-pixbuf-2.0 -I/usr/include/atk-1.0 -I/usr/include/libgnomecanvas-2.0 -I/usr/include/libart-2.0 -I/usr/include/gail-1.0 -I/usr/include/poppler/glib -I/usr/include/poppler -pthread '
PACKAGE_LIBS='-lgnomecanvas-2 -lart_lgpl_2 -lgtk-x11-2.0 -lgdk-x11-2.0 -lpangocairo-1.0 -latk-1.0 -lgdk_pixbuf-2.0 -lgio-2.0 -lpoppler-glib -lcairo -lpangoft2-1.0 -lpango-1.0 -lgobject-2.0 -lglib-2.0 -lharfbuzz -lfontconfig -lfreetype '
PACKAGE_NAME=''
PACKAGE_STRING=''
PACKAGE_TARNAME=''
PACKAGE_URL=''
PACKAGE_VERSION=''
PATH_SEPARATOR=':'
PKG_CONFIG='/usr/bin/pkg-config'
PKG_CONFIG_LIBDIR=''
PKG_CONFIG_PATH=''
POFILES=' ca.po ca@valencia.po cs.po de.po es.po fr.po it.po ja.po nl.po pl.po pt_BR.po ru.po zh_CN.po zh_TW.po'
POSUB='po'
PO_IN_DATADIR_FALSE=''
PO_IN_DATADIR_TRUE=''
RANLIB='ranlib'
SET_MAKE=''
SHELL='/bin/sh'
STRIP=''
USE_NLS='yes'
VERSION='0.4.8.2016'
WIN32_FALSE=''
WIN32_TRUE='#'
XGETTEXT='/usr/bin/xgettext'
ac_ct_AR='ar'
ac_ct_CC='gcc'
am__EXEEXT_FALSE=''
am__EXEEXT_TRUE='#'
am__fastdepCC_FALSE='#'
am__fastdepCC_TRUE=''
am__include='include'
am__isrc=''
am__leading_dot='.'
am__nodep='_no'
am__quote=''
am__tar='$${TAR-tar} chof - "$$tardir"'
am__untar='$${TAR-tar} xf -'
bindir='${exec_prefix}/bin'
build='x86_64-pc-linux-gnu'
build_alias=''
build_cpu='x86_64'
build_os='linux-gnu'
build_vendor='pc'
datadir='${datarootdir}'
datarootdir='${prefix}/share'
docdir='${datarootdir}/doc/${PACKAGE}'
dvidir='${docdir}'
exec_prefix='${prefix}'
host='x86_64-pc-linux-gnu'
host_alias=''
host_cpu='x86_64'
host_os='linux-gnu'
host_vendor='pc'
htmldir='${docdir}'
includedir='${prefix}/include'
infodir='${datarootdir}/info'
install_sh='${SHELL} /home/zack/gitclones/xournal-code/install-sh'
libdir='${exec_prefix}/lib'
libexecdir='${exec_prefix}/libexec'
localedir='${datarootdir}/locale'
localstatedir='${prefix}/var'
mandir='${datarootdir}/man'
mkdir_p='$(MKDIR_P)'
oldincludedir='/usr/include'
pdfdir='${docdir}'
prefix='/home/zack/gitclones/XournalCustom'
program_transform_name='s,x,x,'
psdir='${docdir}'
sbindir='${exec_prefix}/sbin'
sharedstatedir='${prefix}/com'
sysconfdir='${prefix}/etc'
target_alias=''

## ----------- ##
## confdefs.h. ##
## ----------- ##

/* confdefs.h */
#define PACKAGE_NAME ""
#define PACKAGE_TARNAME ""
#define PACKAGE_VERSION ""
#define PACKAGE_STRING ""
#define PACKAGE_BUGREPORT ""
#define PACKAGE_URL ""
#define PACKAGE "xournal"
#define VERSION "0.4.8.2016"
#define STDC_HEADERS 1
#define GETTEXT_PACKAGE "xournal"
#define HAVE_SYS_TYPES_H 1
#define HAVE_SYS_STAT_H 1
#define HAVE_STDLIB_H 1
#define HAVE_STRING_H 1
#define HAVE_MEMORY_H 1
#define HAVE_STRINGS_H 1
#define HAVE_INTTYPES_H 1
#define HAVE_STDINT_H 1
#define HAVE_UNISTD_H 1
#define HAVE_LOCALE_H 1
#define HAVE_LC_MESSAGES 1
#define HAVE_BIND_TEXTDOMAIN_CODESET 1
#define HAVE_GETTEXT 1
#define HAVE_DCGETTEXT 1
#define ENABLE_NLS 1

configure: exit 0
